<?xml version="1.0" encoding="UTF-8"?>
<testsuite xmlns:xsi="http://www.w3.org/2001/XMLSchema-instance" xsi:noNamespaceSchemaLocation="https://maven.apache.org/surefire/maven-surefire-plugin/xsd/surefire-test-report-3.0.xsd" version="3.0" name="coursesit.ServicesUT.UserServiceTest" time="0.138" tests="5" errors="0" skipped="0" failures="0">
  <properties>
[...]
</properties>
  <testcase name="testIsUsernameTaken" classname="coursesit.ServicesUT.UserServiceTest" time="0.117"/>
  <testcase name="testRegisterUser" classname="coursesit.ServicesUT.UserServiceTest" time="0.005"/>
  <testcase name="testGetCurrentUserNotFound" classname="coursesit.ServicesUT.UserServiceTest" time="0.004"/>
  <testcase name="testGetCurrentUserInvalidPrincipal" classname="coursesit.ServicesUT.UserServiceTest" time="0.004"/>
  <testcase name="testGetCurrentUserSuccess" classname="coursesit.ServicesUT.UserServiceTest" time="0.004"/>
</testsuite>